Watching for file changes with StatReloader
System check identified some issues:

WARNINGS:
todos.Todo: (models.W042) Auto-created primary key used when not defining a primary key type, by default 'django.db.models.AutoField'.
	HINT: Configure the DEFAULT_AUTO_FIELD setting or the TodosConfig.default_auto_field attribute to point to a subclass of AutoField, e.g. 'django.db.models.BigAutoField'.

System check identified 1 issue (0 silenced).
Performing system checks...

March 03, 2024 - 12:23:13
Django version 5.0.2, using settings 'todoApp.settings'
Starting development server at http://0.0.0.0:8000/
Quit the server with CONTROL-C.

Watching for file changes with StatReloader
System check identified some issues:

WARNINGS:
todos.Todo: (models.W042) Auto-created primary key used when not defining a primary key type, by default 'django.db.models.AutoField'.
	HINT: Configure the DEFAULT_AUTO_FIELD setting or the TodosConfig.default_auto_field attribute to point to a subclass of AutoField, e.g. 'django.db.models.BigAutoField'.

System check identified 1 issue (0 silenced).
[03/Mar/2024 12:23:57] "GET /todos/ HTTP/1.1" 200 3515
[03/Mar/2024 12:23:58] "GET /static/css/style.css HTTP/1.1" 200 225
Not Found: /favicon.ico
[03/Mar/2024 12:23:59] "GET /favicon.ico HTTP/1.1" 404 2575
[03/Mar/2024 12:24:02] "GET /todos/ HTTP/1.1" 200 3515
[03/Mar/2024 12:24:06] "GET /todos/ HTTP/1.1" 200 3515
Not Found: /favicon.ico
[03/Mar/2024 12:24:07] "GET /favicon.ico HTTP/1.1" 404 2575
[03/Mar/2024 12:24:08] "GET /todos/ HTTP/1.1" 200 3515
Not Found: /favicon.ico
[03/Mar/2024 12:24:09] "GET /favicon.ico HTTP/1.1" 404 2575
[03/Mar/2024 12:24:10] "GET /todos/ HTTP/1.1" 200 3515
[03/Mar/2024 12:24:20] "GET /todos/ HTTP/1.1" 200 3515
[03/Mar/2024 12:25:37] "GET /todos/ HTTP/1.1" 200 3515
[03/Mar/2024 12:25:37] "GET /static/css/style.css HTTP/1.1" 304 0
Not Found: /favicon.ico
[03/Mar/2024 12:25:38] "GET /favicon.ico HTTP/1.1" 404 2575
